[23:15:08] [main/WARN]: Ambiguity between arguments [teleport, destination] and [teleport, targets] with inputs: [Player, 0123, @e, dd12be42-52a9-4a91-a8a1-11c01849e498]
[23:15:08] [main/WARN]: Ambiguity between arguments [teleport, location] and [teleport, destination] with inputs: [0.1 -0.5 .9, 0 0 0]
[23:15:08] [main/WARN]: Ambiguity between arguments [teleport, location] and [teleport, targets] with inputs: [0.1 -0.5 .9, 0 0 0]
[23:15:08] [main/WARN]: Ambiguity between arguments [teleport, targets] and [teleport, destination] with inputs: [Player, 0123, dd12be42-52a9-4a91-a8a1-11c01849e498]
[23:15:08] [main/WARN]: Ambiguity between arguments [teleport, targets, location] and [teleport, targets, destination] with inputs: [0.1 -0.5 .9, 0 0 0]
[23:15:08] [main/INFO]: Loaded 0 recipes
[23:15:08] [Server thread/INFO]: Starting minecraft server version 1.13.1
[23:15:08] [Server thread/INFO]: Loading properties
[23:15:08] [Server thread/INFO]: Default game type: SURVIVAL
[23:15:08] [Server thread/INFO]: This server is running Paper version git-Paper-188 (MC: 1.13.1) (Implementing API version 1.13.1-R0.1-SNAPSHOT)
[23:15:08] [Server thread/INFO]: Debug logging is disabled
[23:15:08] [Server thread/INFO]: Server Ping Player Sample Count: 12
[23:15:08] [Server thread/INFO]: Using 4 threads for Netty based IO
[23:15:08] [Server thread/INFO]: Generating keypair
[23:15:08] [Server thread/INFO]: Starting Minecraft server on *:25565
[23:15:08] [Server thread/INFO]: Using default channel type
[23:15:08] [Server thread/WARN]: **** FAILED TO BIND TO PORT!
[23:15:08] [Server thread/WARN]: The exception was: java.net.BindException: Address already in use: bind
[23:15:08] [Server thread/WARN]: Perhaps a server is already running on that port?
[23:15:08] [Server thread/INFO]: Stopping server
[23:15:08] [Server thread/INFO]: Saving players
[23:15:09] [Server thread/INFO]: Saving worlds
